2021-07-09 04:06:08,774 INFO o.a.j.u.JMeterUtils: Setting Locale to en_US
2021-07-09 04:06:08,792 INFO o.a.j.JMeter: Loading user properties from: /home/ssm-user/pb-rb-loadtest/apache-jmeter-5.3/bin/user.properties
2021-07-09 04:06:08,792 INFO o.a.j.JMeter: Loading system properties from: /home/ssm-user/pb-rb-loadtest/apache-jmeter-5.3/bin/system.properties
2021-07-09 04:06:08,793 INFO o.a.j.JMeter: Setting JMeter property: threads=10
2021-07-09 04:06:08,793 INFO o.a.j.JMeter: Setting JMeter property: rampUp=10
2021-07-09 04:06:08,793 INFO o.a.j.JMeter: Setting JMeter property: executionTime=300
2021-07-09 04:06:08,793 INFO o.a.j.JMeter: Setting JMeter property: channel=MB
2021-07-09 04:06:08,796 INFO o.a.j.JMeter: Copyright (c) 1998-2020 The Apache Software Foundation
2021-07-09 04:06:08,797 INFO o.a.j.JMeter: Version 5.3
2021-07-09 04:06:08,797 INFO o.a.j.JMeter: java.version=1.8.0_141
2021-07-09 04:06:08,797 INFO o.a.j.JMeter: java.vm.name=Java HotSpot(TM) 64-Bit Server VM
2021-07-09 04:06:08,797 INFO o.a.j.JMeter: os.name=Linux
2021-07-09 04:06:08,797 INFO o.a.j.JMeter: os.arch=amd64
2021-07-09 04:06:08,797 INFO o.a.j.JMeter: os.version=4.14.177-139.254.amzn2.x86_64
2021-07-09 04:06:08,797 INFO o.a.j.JMeter: file.encoding=UTF-8
2021-07-09 04:06:08,797 INFO o.a.j.JMeter: java.awt.headless=true
2021-07-09 04:06:08,797 INFO o.a.j.JMeter: Max memory     =1836580864
2021-07-09 04:06:08,798 INFO o.a.j.JMeter: Available Processors =2
2021-07-09 04:06:08,807 INFO o.a.j.JMeter: Default Locale=English (United States)
2021-07-09 04:06:08,808 INFO o.a.j.JMeter: JMeter  Locale=English (United States)
2021-07-09 04:06:08,808 INFO o.a.j.JMeter: JMeterHome=/home/ssm-user/pb-rb-loadtest/apache-jmeter-5.3
2021-07-09 04:06:08,808 INFO o.a.j.JMeter: user.dir  =/home/ssm-user/pb-rb-loadtest
2021-07-09 04:06:08,809 INFO o.a.j.JMeter: PWD       =/home/ssm-user/pb-rb-loadtest
2021-07-09 04:06:08,833 INFO o.a.j.JMeter: IP: 10.5.8.151 Name: ip-10-5-8-151 FullName: ip-10-5-8-151.us-east-2.compute.internal
2021-07-09 04:06:08,840 INFO o.a.j.JMeter: Setting property 'jmeter.reportgenerator.outputdir' to:'/home/ssm-user/pb-rb-loadtest/bavv-mb-performance/report-10'
2021-07-09 04:06:08,843 INFO o.a.j.s.FileServer: Default base='/home/ssm-user/pb-rb-loadtest'
2021-07-09 04:06:08,847 INFO o.a.j.s.FileServer: Set new base='/home/ssm-user/pb-rb-loadtest/bavv-mb-performance'
2021-07-09 04:06:09,004 INFO o.a.j.s.SaveService: Testplan (JMX) version: 2.2. Testlog (JTL) version: 2.2
2021-07-09 04:06:09,025 INFO o.a.j.s.SaveService: Using SaveService properties file encoding UTF-8
2021-07-09 04:06:09,031 INFO o.a.j.s.SaveService: Using SaveService properties version 5.0
2021-07-09 04:06:09,039 INFO o.a.j.s.SaveService: Loading file: bavv-mb-performance/Villas_BFF_Test.jmx
2021-07-09 04:06:09,411 INFO o.a.j.p.h.s.HTTPSamplerBase: Parser for text/html is org.apache.jmeter.protocol.http.parser.LagartoBasedHtmlParser
2021-07-09 04:06:09,411 INFO o.a.j.p.h.s.HTTPSamplerBase: Parser for application/xhtml+xml is org.apache.jmeter.protocol.http.parser.LagartoBasedHtmlParser
2021-07-09 04:06:09,411 INFO o.a.j.p.h.s.HTTPSamplerBase: Parser for application/xml is org.apache.jmeter.protocol.http.parser.LagartoBasedHtmlParser
2021-07-09 04:06:09,411 INFO o.a.j.p.h.s.HTTPSamplerBase: Parser for text/xml is org.apache.jmeter.protocol.http.parser.LagartoBasedHtmlParser
2021-07-09 04:06:09,411 INFO o.a.j.p.h.s.HTTPSamplerBase: Parser for text/vnd.wap.wml is org.apache.jmeter.protocol.http.parser.RegexpHTMLParser
2021-07-09 04:06:09,412 INFO o.a.j.p.h.s.HTTPSamplerBase: Parser for text/css is org.apache.jmeter.protocol.http.parser.CssParser
2021-07-09 04:06:09,776 INFO o.a.j.JMeter: Creating summariser <summary>
2021-07-09 04:06:09,784 INFO o.a.j.r.d.ReportGenerator: ReportGenerator will use for Parsing the separator: ','
2021-07-09 04:06:09,785 INFO o.a.j.r.d.ReportGenerator: Will generate report at end of test from  results file: bavv-mb-performance/report-10.jtl
2021-07-09 04:06:09,785 INFO o.a.j.r.d.ReportGenerator: Reading report generator properties from: /home/ssm-user/pb-rb-loadtest/apache-jmeter-5.3/bin/reportgenerator.properties
2021-07-09 04:06:09,786 INFO o.a.j.r.d.ReportGenerator: Merging with JMeter properties
2021-07-09 04:06:09,792 INFO o.a.j.r.c.ReportGeneratorConfiguration: Property 'jmeter.reportgenerator.temp_dir' not found, using default value 'temp' instead.
2021-07-09 04:06:09,796 INFO o.a.j.r.c.ReportGeneratorConfiguration: Property 'jmeter.reportgenerator.apdex_per_transaction' not found, using default value 'null' instead.
2021-07-09 04:06:09,797 INFO o.a.j.r.c.ReportGeneratorConfiguration: apdex_per_transaction is empty, not APDEX per transaction customization
2021-07-09 04:06:09,797 INFO o.a.j.r.c.ReportGeneratorConfiguration: Property 'jmeter.reportgenerator.sample_filter' not found, using default value 'null' instead.
2021-07-09 04:06:09,797 INFO o.a.j.r.c.ReportGeneratorConfiguration: Property 'jmeter.reportgenerator.report_title' not found, using default value 'null' instead.
2021-07-09 04:06:09,797 INFO o.a.j.r.c.ReportGeneratorConfiguration: Property 'jmeter.reportgenerator.start_date' not found, using default value 'null' instead.
2021-07-09 04:06:09,797 INFO o.a.j.r.c.ReportGeneratorConfiguration: Property 'jmeter.reportgenerator.end_date' not found, using default value 'null' instead.
2021-07-09 04:06:09,798 INFO o.a.j.r.c.ReportGeneratorConfiguration: Property 'jmeter.reportgenerator.date_format' not found, using default value 'null' instead.
2021-07-09 04:06:09,798 INFO o.a.j.r.c.ReportGeneratorConfiguration: Will use date range start date: null, end date: null
2021-07-09 04:06:09,804 INFO o.a.j.r.c.ReportGeneratorConfiguration: Property 'jmeter.reportgenerator.graph.totalTPS.exclude_controllers' not found, using default value 'false' instead.
2021-07-09 04:06:09,805 INFO o.a.j.r.c.ReportGeneratorConfiguration: Property 'jmeter.reportgenerator.graph.activeThreadsOverTime.exclude_controllers' not found, using default value 'false' instead.
2021-07-09 04:06:09,806 INFO o.a.j.r.c.ReportGeneratorConfiguration: Property 'jmeter.reportgenerator.graph.timeVsThreads.exclude_controllers' not found, using default value 'false' instead.
2021-07-09 04:06:09,806 INFO o.a.j.r.c.ReportGeneratorConfiguration: Property 'jmeter.reportgenerator.graph.responseTimeDistribution.exclude_controllers' not found, using default value 'false' instead.
2021-07-09 04:06:09,806 INFO o.a.j.r.c.ReportGeneratorConfiguration: Property 'jmeter.reportgenerator.graph.transactionsPerSecond.exclude_controllers' not found, using default value 'false' instead.
2021-07-09 04:06:09,807 INFO o.a.j.r.c.ReportGeneratorConfiguration: Property 'jmeter.reportgenerator.graph.responseTimePercentiles.exclude_controllers' not found, using default value 'false' instead.
2021-07-09 04:06:09,807 INFO o.a.j.r.c.ReportGeneratorConfiguration: Property 'jmeter.reportgenerator.graph.responseTimePercentilesOverTime.exclude_controllers' not found, using default value 'false' instead.
2021-07-09 04:06:09,808 INFO o.a.j.r.c.ReportGeneratorConfiguration: Property 'jmeter.reportgenerator.graph.responseTimesOverTime.exclude_controllers' not found, using default value 'false' instead.
2021-07-09 04:06:09,809 INFO o.a.j.r.c.ReportGeneratorConfiguration: Property 'jmeter.reportgenerator.graph.connectTimeOverTime.exclude_controllers' not found, using default value 'false' instead.
2021-07-09 04:06:09,809 INFO o.a.j.r.c.ReportGeneratorConfiguration: Property 'jmeter.reportgenerator.graph.latenciesOverTime.exclude_controllers' not found, using default value 'false' instead.
2021-07-09 04:06:09,810 INFO o.a.j.r.c.ReportGeneratorConfiguration: Property 'jmeter.reportgenerator.exporter.json.filters_only_sample_series' not found, using default value 'true' instead.
2021-07-09 04:06:09,810 INFO o.a.j.r.c.ReportGeneratorConfiguration: Property 'jmeter.reportgenerator.exporter.json.series_filter' not found, using default value '' instead.
2021-07-09 04:06:09,811 INFO o.a.j.r.c.ReportGeneratorConfiguration: Property 'jmeter.reportgenerator.exporter.json.show_controllers_only' not found, using default value 'false' instead.
2021-07-09 04:06:09,812 INFO o.a.j.r.c.ReportGeneratorConfiguration: Property 'jmeter.reportgenerator.exporter.html.filters_only_sample_series' not found, using default value 'true' instead.
2021-07-09 04:06:09,813 INFO o.a.j.r.c.ReportGeneratorConfiguration: Property 'jmeter.reportgenerator.exporter.html.series_filter' not found, using default value '' instead.
2021-07-09 04:06:09,813 INFO o.a.j.r.c.ReportGeneratorConfiguration: Property 'jmeter.reportgenerator.exporter.html.show_controllers_only' not found, using default value 'false' instead.
2021-07-09 04:06:09,822 INFO o.a.j.e.StandardJMeterEngine: Running the test!
2021-07-09 04:06:09,823 INFO o.a.j.s.SampleEvent: List of sample_variables: []
2021-07-09 04:06:09,824 INFO o.a.j.s.SampleEvent: List of sample_variables: []
2021-07-09 04:06:09,828 INFO o.a.j.e.u.CompoundVariable: Note: Function class names must contain the string: '.functions.'
2021-07-09 04:06:09,828 INFO o.a.j.e.u.CompoundVariable: Note: Function class names must not contain the string: '.gui.'
2021-07-09 04:06:10,221 INFO o.a.j.JMeter: Running test (1625803570221)
2021-07-09 04:06:10,223 INFO o.a.j.e.StandardJMeterEngine: Starting setUp thread groups
2021-07-09 04:06:10,223 INFO o.a.j.e.StandardJMeterEngine: Starting setUp ThreadGroup: 1 : auth-service 
2021-07-09 04:06:10,224 INFO o.a.j.e.StandardJMeterEngine: Starting 1 threads for group auth-service.
2021-07-09 04:06:10,224 INFO o.a.j.e.StandardJMeterEngine: Thread will continue on error
2021-07-09 04:06:10,224 INFO o.a.j.t.ThreadGroup: Starting thread group... number=1 threads=1 ramp-up=1 delayedStart=false
2021-07-09 04:06:10,282 INFO o.a.j.t.ThreadGroup: Started thread group number 1
2021-07-09 04:06:10,282 INFO o.a.j.e.StandardJMeterEngine: Waiting for all setup thread groups to exit
2021-07-09 04:06:10,286 INFO o.a.j.t.JMeterThread: Thread started: auth-service 1-1
2021-07-09 04:06:10,372 INFO o.a.j.p.h.s.HTTPJavaImpl: Maximum connection retries = 0
2021-07-09 04:06:10,374 INFO o.a.j.s.SampleResult: Note: Sample TimeStamps are START times
2021-07-09 04:06:10,374 INFO o.a.j.s.SampleResult: sampleresult.default.encoding is set to ISO-8859-1
2021-07-09 04:06:10,374 INFO o.a.j.s.SampleResult: sampleresult.useNanoTime=true
2021-07-09 04:06:10,374 INFO o.a.j.s.SampleResult: sampleresult.nanoThreadSleep=5000
2021-07-09 04:06:10,382 INFO o.a.j.u.JsseSSLManager: Using default SSL protocol: TLS
2021-07-09 04:06:10,382 INFO o.a.j.u.JsseSSLManager: SSL session context: per-thread
2021-07-09 04:06:10,627 INFO o.a.j.u.SSLManager: JmeterKeyStore Location:  type JKS
2021-07-09 04:06:10,629 INFO o.a.j.u.SSLManager: KeyStore created OK
2021-07-09 04:06:10,629 WARN o.a.j.u.SSLManager: Keystore file not found, loading empty keystore
2021-07-09 04:06:12,134 INFO o.a.j.t.JMeterThread: Thread is done: auth-service 1-1
2021-07-09 04:06:12,136 INFO o.a.j.t.JMeterThread: Thread finished: auth-service 1-1
2021-07-09 04:06:12,136 INFO o.a.j.e.StandardJMeterEngine: All Setup Threads have ended
2021-07-09 04:06:12,233 INFO o.a.j.e.StandardJMeterEngine: Starting ThreadGroup: 1 : services
2021-07-09 04:06:12,233 INFO o.a.j.e.StandardJMeterEngine: Starting 10 threads for group services.
2021-07-09 04:06:12,233 INFO o.a.j.e.StandardJMeterEngine: Thread will continue on error
2021-07-09 04:06:12,233 INFO o.a.j.t.ThreadGroup: Starting thread group... number=1 threads=10 ramp-up=10 delayedStart=false
2021-07-09 04:06:12,271 INFO o.a.j.t.JMeterThread: Thread started: services 1-1
2021-07-09 04:06:12,447 INFO o.a.j.t.ThreadGroup: Started thread group number 1
2021-07-09 04:06:12,447 INFO o.a.j.e.StandardJMeterEngine: Waiting for thread group: services to finish before starting next group
2021-07-09 04:06:13,292 INFO o.a.j.t.JMeterThread: Thread started: services 1-2
2021-07-09 04:06:14,265 INFO o.a.j.t.JMeterThread: Thread started: services 1-3
2021-07-09 04:06:15,263 INFO o.a.j.t.JMeterThread: Thread started: services 1-4
2021-07-09 04:06:16,266 INFO o.a.j.t.JMeterThread: Thread started: services 1-5
2021-07-09 04:06:17,257 INFO o.a.j.t.JMeterThread: Thread started: services 1-6
2021-07-09 04:06:18,261 INFO o.a.j.t.JMeterThread: Thread started: services 1-7
2021-07-09 04:06:19,258 INFO o.a.j.t.JMeterThread: Thread started: services 1-8
2021-07-09 04:06:20,255 INFO o.a.j.t.JMeterThread: Thread started: services 1-9
2021-07-09 04:06:21,256 INFO o.a.j.t.JMeterThread: Thread started: services 1-10
2021-07-09 04:06:21,400 INFO o.a.j.e.J.JSR223 PostProcessor: Processing...6b86b273ff34fce19d6b804eff5a3f5747ada4eaa22f1d49c01e52ddb7875b4b,7902699be42c8a8e46fbbb4501726517e86b22c56a189f7625a6da49081b2451,e7f6c011776e8db7cd330b54174fd76f7d0216b612387a5ffcfb81e6f0919683,4e07408562bedb8b60ce05c1decfe3ad16b72230967de01f640b7e4729b49fce,4b227777d4dd1fc61c6f884f48641d02b4d121d3fd328cb08b5531fcacdabf8a,ef2d127de37b942baad06145e54b0c619a1f22327b2ebbcfbec78f5564afe39d,d4735e3a265e16eee03f59718b9b5d03019c07d8b6c51f90da3a666eec13ab35
2021-07-09 04:06:21,407 INFO o.a.j.e.J.JSR223 PostProcessor: Processing...6b86b273ff34fce19d6b804eff5a3f5747ada4eaa22f1d49c01e52ddb7875b4b,7902699be42c8a8e46fbbb4501726517e86b22c56a189f7625a6da49081b2451,e7f6c011776e8db7cd330b54174fd76f7d0216b612387a5ffcfb81e6f0919683,4e07408562bedb8b60ce05c1decfe3ad16b72230967de01f640b7e4729b49fce,4b227777d4dd1fc61c6f884f48641d02b4d121d3fd328cb08b5531fcacdabf8a,ef2d127de37b942baad06145e54b0c619a1f22327b2ebbcfbec78f5564afe39d,d4735e3a265e16eee03f59718b9b5d03019c07d8b6c51f90da3a666eec13ab35
2021-07-09 04:06:21,828 INFO o.a.j.e.J.JSR223 PostProcessor: Processing...6b86b273ff34fce19d6b804eff5a3f5747ada4eaa22f1d49c01e52ddb7875b4b,7902699be42c8a8e46fbbb4501726517e86b22c56a189f7625a6da49081b2451,e7f6c011776e8db7cd330b54174fd76f7d0216b612387a5ffcfb81e6f0919683,4e07408562bedb8b60ce05c1decfe3ad16b72230967de01f640b7e4729b49fce,4b227777d4dd1fc61c6f884f48641d02b4d121d3fd328cb08b5531fcacdabf8a,ef2d127de37b942baad06145e54b0c619a1f22327b2ebbcfbec78f5564afe39d,d4735e3a265e16eee03f59718b9b5d03019c07d8b6c51f90da3a666eec13ab35
2021-07-09 04:06:22,837 INFO o.a.j.p.h.s.HTTPHCAbstractImpl: Local host = ip-10-5-8-151
2021-07-09 04:06:22,847 INFO o.a.j.p.h.s.HTTPHC4Impl: HTTP request retry count = 0
2021-07-09 04:06:22,970 INFO o.a.j.p.h.s.h.LazyLayeredConnectionSocketFactory: Setting up HTTPS TrustAll Socket Factory
2021-07-09 04:06:23,022 INFO o.a.j.e.J.JSR223 PostProcessor: Processing...6b86b273ff34fce19d6b804eff5a3f5747ada4eaa22f1d49c01e52ddb7875b4b,7902699be42c8a8e46fbbb4501726517e86b22c56a189f7625a6da49081b2451,e7f6c011776e8db7cd330b54174fd76f7d0216b612387a5ffcfb81e6f0919683,4e07408562bedb8b60ce05c1decfe3ad16b72230967de01f640b7e4729b49fce,4b227777d4dd1fc61c6f884f48641d02b4d121d3fd328cb08b5531fcacdabf8a,ef2d127de37b942baad06145e54b0c619a1f22327b2ebbcfbec78f5564afe39d,d4735e3a265e16eee03f59718b9b5d03019c07d8b6c51f90da3a666eec13ab35
2021-07-09 04:06:24,220 INFO o.a.j.e.J.JSR223 PostProcessor: Processing...6b86b273ff34fce19d6b804eff5a3f5747ada4eaa22f1d49c01e52ddb7875b4b,7902699be42c8a8e46fbbb4501726517e86b22c56a189f7625a6da49081b2451,e7f6c011776e8db7cd330b54174fd76f7d0216b612387a5ffcfb81e6f0919683,4e07408562bedb8b60ce05c1decfe3ad16b72230967de01f640b7e4729b49fce,4b227777d4dd1fc61c6f884f48641d02b4d121d3fd328cb08b5531fcacdabf8a,ef2d127de37b942baad06145e54b0c619a1f22327b2ebbcfbec78f5564afe39d,d4735e3a265e16eee03f59718b9b5d03019c07d8b6c51f90da3a666eec13ab35
2021-07-09 04:06:25,412 INFO o.a.j.e.J.JSR223 PostProcessor: Processing...6b86b273ff34fce19d6b804eff5a3f5747ada4eaa22f1d49c01e52ddb7875b4b,7902699be42c8a8e46fbbb4501726517e86b22c56a189f7625a6da49081b2451,e7f6c011776e8db7cd330b54174fd76f7d0216b612387a5ffcfb81e6f0919683,4e07408562bedb8b60ce05c1decfe3ad16b72230967de01f640b7e4729b49fce,4b227777d4dd1fc61c6f884f48641d02b4d121d3fd328cb08b5531fcacdabf8a,ef2d127de37b942baad06145e54b0c619a1f22327b2ebbcfbec78f5564afe39d,d4735e3a265e16eee03f59718b9b5d03019c07d8b6c51f90da3a666eec13ab35
2021-07-09 04:06:27,069 INFO o.a.j.e.J.JSR223 PostProcessor: Processing...6b86b273ff34fce19d6b804eff5a3f5747ada4eaa22f1d49c01e52ddb7875b4b,7902699be42c8a8e46fbbb4501726517e86b22c56a189f7625a6da49081b2451,e7f6c011776e8db7cd330b54174fd76f7d0216b612387a5ffcfb81e6f0919683,4e07408562bedb8b60ce05c1decfe3ad16b72230967de01f640b7e4729b49fce,4b227777d4dd1fc61c6f884f48641d02b4d121d3fd328cb08b5531fcacdabf8a,ef2d127de37b942baad06145e54b0c619a1f22327b2ebbcfbec78f5564afe39d,d4735e3a265e16eee03f59718b9b5d03019c07d8b6c51f90da3a666eec13ab35
2021-07-09 04:06:28,436 INFO o.a.j.e.J.JSR223 PostProcessor: Processing...6b86b273ff34fce19d6b804eff5a3f5747ada4eaa22f1d49c01e52ddb7875b4b,7902699be42c8a8e46fbbb4501726517e86b22c56a189f7625a6da49081b2451,e7f6c011776e8db7cd330b54174fd76f7d0216b612387a5ffcfb81e6f0919683,4e07408562bedb8b60ce05c1decfe3ad16b72230967de01f640b7e4729b49fce,4b227777d4dd1fc61c6f884f48641d02b4d121d3fd328cb08b5531fcacdabf8a,ef2d127de37b942baad06145e54b0c619a1f22327b2ebbcfbec78f5564afe39d,d4735e3a265e16eee03f59718b9b5d03019c07d8b6c51f90da3a666eec13ab35
2021-07-09 04:06:29,105 INFO o.a.j.e.J.JSR223 PostProcessor: Processing...6b86b273ff34fce19d6b804eff5a3f5747ada4eaa22f1d49c01e52ddb7875b4b,7902699be42c8a8e46fbbb4501726517e86b22c56a189f7625a6da49081b2451,e7f6c011776e8db7cd330b54174fd76f7d0216b612387a5ffcfb81e6f0919683,4e07408562bedb8b60ce05c1decfe3ad16b72230967de01f640b7e4729b49fce,4b227777d4dd1fc61c6f884f48641d02b4d121d3fd328cb08b5531fcacdabf8a,ef2d127de37b942baad06145e54b0c619a1f22327b2ebbcfbec78f5564afe39d,d4735e3a265e16eee03f59718b9b5d03019c07d8b6c51f90da3a666eec13ab35
2021-07-09 04:06:30,245 INFO o.a.j.r.Summariser: summary +     94 in 00:00:20 =    4.7/s Avg:  1354 Min:    76 Max:  2886 Err:     0 (0.00%) Active: 10 Started: 10 Finished: 0
2021-07-09 04:06:30,426 INFO o.a.j.e.J.JSR223 PostProcessor: Processing...6b86b273ff34fce19d6b804eff5a3f5747ada4eaa22f1d49c01e52ddb7875b4b,7902699be42c8a8e46fbbb4501726517e86b22c56a189f7625a6da49081b2451,e7f6c011776e8db7cd330b54174fd76f7d0216b612387a5ffcfb81e6f0919683,4e07408562bedb8b60ce05c1decfe3ad16b72230967de01f640b7e4729b49fce,4b227777d4dd1fc61c6f884f48641d02b4d121d3fd328cb08b5531fcacdabf8a,ef2d127de37b942baad06145e54b0c619a1f22327b2ebbcfbec78f5564afe39d,d4735e3a265e16eee03f59718b9b5d03019c07d8b6c51f90da3a666eec13ab35
2021-07-09 04:07:00,166 INFO o.a.j.r.Summariser: summary +    176 in 00:00:30 =    5.9/s Avg:  1684 Min:   611 Max:  7006 Err:     0 (0.00%) Active: 10 Started: 10 Finished: 0
2021-07-09 04:07:00,166 INFO o.a.j.r.Summariser: summary =    270 in 00:00:50 =    5.4/s Avg:  1569 Min:    76 Max:  7006 Err:     0 (0.00%)
2021-07-09 04:07:07,490 INFO o.a.j.e.J.JSR223 PostProcessor: Processing...6b86b273ff34fce19d6b804eff5a3f5747ada4eaa22f1d49c01e52ddb7875b4b,7902699be42c8a8e46fbbb4501726517e86b22c56a189f7625a6da49081b2451,e7f6c011776e8db7cd330b54174fd76f7d0216b612387a5ffcfb81e6f0919683,4e07408562bedb8b60ce05c1decfe3ad16b72230967de01f640b7e4729b49fce,4b227777d4dd1fc61c6f884f48641d02b4d121d3fd328cb08b5531fcacdabf8a,ef2d127de37b942baad06145e54b0c619a1f22327b2ebbcfbec78f5564afe39d,d4735e3a265e16eee03f59718b9b5d03019c07d8b6c51f90da3a666eec13ab35
2021-07-09 04:07:08,932 INFO o.a.j.e.J.JSR223 PostProcessor: Processing...6b86b273ff34fce19d6b804eff5a3f5747ada4eaa22f1d49c01e52ddb7875b4b,7902699be42c8a8e46fbbb4501726517e86b22c56a189f7625a6da49081b2451,e7f6c011776e8db7cd330b54174fd76f7d0216b612387a5ffcfb81e6f0919683,4e07408562bedb8b60ce05c1decfe3ad16b72230967de01f640b7e4729b49fce,4b227777d4dd1fc61c6f884f48641d02b4d121d3fd328cb08b5531fcacdabf8a,ef2d127de37b942baad06145e54b0c619a1f22327b2ebbcfbec78f5564afe39d,d4735e3a265e16eee03f59718b9b5d03019c07d8b6c51f90da3a666eec13ab35
2021-07-09 04:07:09,730 INFO o.a.j.e.J.JSR223 PostProcessor: Processing...6b86b273ff34fce19d6b804eff5a3f5747ada4eaa22f1d49c01e52ddb7875b4b,7902699be42c8a8e46fbbb4501726517e86b22c56a189f7625a6da49081b2451,e7f6c011776e8db7cd330b54174fd76f7d0216b612387a5ffcfb81e6f0919683,4e07408562bedb8b60ce05c1decfe3ad16b72230967de01f640b7e4729b49fce,4b227777d4dd1fc61c6f884f48641d02b4d121d3fd328cb08b5531fcacdabf8a,ef2d127de37b942baad06145e54b0c619a1f22327b2ebbcfbec78f5564afe39d,d4735e3a265e16eee03f59718b9b5d03019c07d8b6c51f90da3a666eec13ab35
2021-07-09 04:07:12,256 INFO o.a.j.e.J.JSR223 PostProcessor: Processing...6b86b273ff34fce19d6b804eff5a3f5747ada4eaa22f1d49c01e52ddb7875b4b,7902699be42c8a8e46fbbb4501726517e86b22c56a189f7625a6da49081b2451,e7f6c011776e8db7cd330b54174fd76f7d0216b612387a5ffcfb81e6f0919683,4e07408562bedb8b60ce05c1decfe3ad16b72230967de01f640b7e4729b49fce,4b227777d4dd1fc61c6f884f48641d02b4d121d3fd328cb08b5531fcacdabf8a,ef2d127de37b942baad06145e54b0c619a1f22327b2ebbcfbec78f5564afe39d,d4735e3a265e16eee03f59718b9b5d03019c07d8b6c51f90da3a666eec13ab35
2021-07-09 04:07:12,267 INFO o.a.j.e.J.JSR223 PostProcessor: Processing...6b86b273ff34fce19d6b804eff5a3f5747ada4eaa22f1d49c01e52ddb7875b4b,7902699be42c8a8e46fbbb4501726517e86b22c56a189f7625a6da49081b2451,e7f6c011776e8db7cd330b54174fd76f7d0216b612387a5ffcfb81e6f0919683,4e07408562bedb8b60ce05c1decfe3ad16b72230967de01f640b7e4729b49fce,4b227777d4dd1fc61c6f884f48641d02b4d121d3fd328cb08b5531fcacdabf8a,ef2d127de37b942baad06145e54b0c619a1f22327b2ebbcfbec78f5564afe39d,d4735e3a265e16eee03f59718b9b5d03019c07d8b6c51f90da3a666eec13ab35
2021-07-09 04:07:12,430 INFO o.a.j.e.J.JSR223 PostProcessor: Processing...6b86b273ff34fce19d6b804eff5a3f5747ada4eaa22f1d49c01e52ddb7875b4b,7902699be42c8a8e46fbbb4501726517e86b22c56a189f7625a6da49081b2451,e7f6c011776e8db7cd330b54174fd76f7d0216b612387a5ffcfb81e6f0919683,4e07408562bedb8b60ce05c1decfe3ad16b72230967de01f640b7e4729b49fce,4b227777d4dd1fc61c6f884f48641d02b4d121d3fd328cb08b5531fcacdabf8a,ef2d127de37b942baad06145e54b0c619a1f22327b2ebbcfbec78f5564afe39d,d4735e3a265e16eee03f59718b9b5d03019c07d8b6c51f90da3a666eec13ab35
2021-07-09 04:07:12,433 INFO o.a.j.e.J.JSR223 PostProcessor: Processing...6b86b273ff34fce19d6b804eff5a3f5747ada4eaa22f1d49c01e52ddb7875b4b,7902699be42c8a8e46fbbb4501726517e86b22c56a189f7625a6da49081b2451,e7f6c011776e8db7cd330b54174fd76f7d0216b612387a5ffcfb81e6f0919683,4e07408562bedb8b60ce05c1decfe3ad16b72230967de01f640b7e4729b49fce,4b227777d4dd1fc61c6f884f48641d02b4d121d3fd328cb08b5531fcacdabf8a,ef2d127de37b942baad06145e54b0c619a1f22327b2ebbcfbec78f5564afe39d,d4735e3a265e16eee03f59718b9b5d03019c07d8b6c51f90da3a666eec13ab35
2021-07-09 04:07:12,587 INFO o.a.j.e.J.JSR223 PostProcessor: Processing...6b86b273ff34fce19d6b804eff5a3f5747ada4eaa22f1d49c01e52ddb7875b4b,7902699be42c8a8e46fbbb4501726517e86b22c56a189f7625a6da49081b2451,e7f6c011776e8db7cd330b54174fd76f7d0216b612387a5ffcfb81e6f0919683,4e07408562bedb8b60ce05c1decfe3ad16b72230967de01f640b7e4729b49fce,4b227777d4dd1fc61c6f884f48641d02b4d121d3fd328cb08b5531fcacdabf8a,ef2d127de37b942baad06145e54b0c619a1f22327b2ebbcfbec78f5564afe39d,d4735e3a265e16eee03f59718b9b5d03019c07d8b6c51f90da3a666eec13ab35
2021-07-09 04:07:12,694 INFO o.a.j.e.J.JSR223 PostProcessor: Processing...6b86b273ff34fce19d6b804eff5a3f5747ada4eaa22f1d49c01e52ddb7875b4b,7902699be42c8a8e46fbbb4501726517e86b22c56a189f7625a6da49081b2451,e7f6c011776e8db7cd330b54174fd76f7d0216b612387a5ffcfb81e6f0919683,4e07408562bedb8b60ce05c1decfe3ad16b72230967de01f640b7e4729b49fce,4b227777d4dd1fc61c6f884f48641d02b4d121d3fd328cb08b5531fcacdabf8a,ef2d127de37b942baad06145e54b0c619a1f22327b2ebbcfbec78f5564afe39d,d4735e3a265e16eee03f59718b9b5d03019c07d8b6c51f90da3a666eec13ab35
2021-07-09 04:07:14,196 INFO o.a.j.e.J.JSR223 PostProcessor: Processing...6b86b273ff34fce19d6b804eff5a3f5747ada4eaa22f1d49c01e52ddb7875b4b,7902699be42c8a8e46fbbb4501726517e86b22c56a189f7625a6da49081b2451,e7f6c011776e8db7cd330b54174fd76f7d0216b612387a5ffcfb81e6f0919683,4e07408562bedb8b60ce05c1decfe3ad16b72230967de01f640b7e4729b49fce,4b227777d4dd1fc61c6f884f48641d02b4d121d3fd328cb08b5531fcacdabf8a,ef2d127de37b942baad06145e54b0c619a1f22327b2ebbcfbec78f5564afe39d,d4735e3a265e16eee03f59718b9b5d03019c07d8b6c51f90da3a666eec13ab35
2021-07-09 04:07:30,138 INFO o.a.j.r.Summariser: summary +    239 in 00:00:30 =    8.0/s Avg:  1212 Min:    96 Max:  4310 Err:     0 (0.00%) Active: 10 Started: 10 Finished: 0
2021-07-09 04:07:30,139 INFO o.a.j.r.Summariser: summary =    509 in 00:01:20 =    6.4/s Avg:  1401 Min:    76 Max:  7006 Err:     0 (0.00%)
2021-07-09 04:07:52,462 INFO o.a.j.e.J.JSR223 PostProcessor: Processing...6b86b273ff34fce19d6b804eff5a3f5747ada4eaa22f1d49c01e52ddb7875b4b,7902699be42c8a8e46fbbb4501726517e86b22c56a189f7625a6da49081b2451,e7f6c011776e8db7cd330b54174fd76f7d0216b612387a5ffcfb81e6f0919683,4e07408562bedb8b60ce05c1decfe3ad16b72230967de01f640b7e4729b49fce,4b227777d4dd1fc61c6f884f48641d02b4d121d3fd328cb08b5531fcacdabf8a,ef2d127de37b942baad06145e54b0c619a1f22327b2ebbcfbec78f5564afe39d,d4735e3a265e16eee03f59718b9b5d03019c07d8b6c51f90da3a666eec13ab35
2021-07-09 04:07:54,720 INFO o.a.j.e.J.JSR223 PostProcessor: Processing...6b86b273ff34fce19d6b804eff5a3f5747ada4eaa22f1d49c01e52ddb7875b4b,7902699be42c8a8e46fbbb4501726517e86b22c56a189f7625a6da49081b2451,e7f6c011776e8db7cd330b54174fd76f7d0216b612387a5ffcfb81e6f0919683,4e07408562bedb8b60ce05c1decfe3ad16b72230967de01f640b7e4729b49fce,4b227777d4dd1fc61c6f884f48641d02b4d121d3fd328cb08b5531fcacdabf8a,ef2d127de37b942baad06145e54b0c619a1f22327b2ebbcfbec78f5564afe39d,d4735e3a265e16eee03f59718b9b5d03019c07d8b6c51f90da3a666eec13ab35
2021-07-09 04:07:54,952 INFO o.a.j.e.J.JSR223 PostProcessor: Processing...6b86b273ff34fce19d6b804eff5a3f5747ada4eaa22f1d49c01e52ddb7875b4b,7902699be42c8a8e46fbbb4501726517e86b22c56a189f7625a6da49081b2451,e7f6c011776e8db7cd330b54174fd76f7d0216b612387a5ffcfb81e6f0919683,4e07408562bedb8b60ce05c1decfe3ad16b72230967de01f640b7e4729b49fce,4b227777d4dd1fc61c6f884f48641d02b4d121d3fd328cb08b5531fcacdabf8a,ef2d127de37b942baad06145e54b0c619a1f22327b2ebbcfbec78f5564afe39d,d4735e3a265e16eee03f59718b9b5d03019c07d8b6c51f90da3a666eec13ab35
2021-07-09 04:07:55,155 INFO o.a.j.e.J.JSR223 PostProcessor: Processing...6b86b273ff34fce19d6b804eff5a3f5747ada4eaa22f1d49c01e52ddb7875b4b,7902699be42c8a8e46fbbb4501726517e86b22c56a189f7625a6da49081b2451,e7f6c011776e8db7cd330b54174fd76f7d0216b612387a5ffcfb81e6f0919683,4e07408562bedb8b60ce05c1decfe3ad16b72230967de01f640b7e4729b49fce,4b227777d4dd1fc61c6f884f48641d02b4d121d3fd328cb08b5531fcacdabf8a,ef2d127de37b942baad06145e54b0c619a1f22327b2ebbcfbec78f5564afe39d,d4735e3a265e16eee03f59718b9b5d03019c07d8b6c51f90da3a666eec13ab35
2021-07-09 04:07:55,164 INFO o.a.j.e.J.JSR223 PostProcessor: Processing...6b86b273ff34fce19d6b804eff5a3f5747ada4eaa22f1d49c01e52ddb7875b4b,7902699be42c8a8e46fbbb4501726517e86b22c56a189f7625a6da49081b2451,e7f6c011776e8db7cd330b54174fd76f7d0216b612387a5ffcfb81e6f0919683,4e07408562bedb8b60ce05c1decfe3ad16b72230967de01f640b7e4729b49fce,4b227777d4dd1fc61c6f884f48641d02b4d121d3fd328cb08b5531fcacdabf8a,ef2d127de37b942baad06145e54b0c619a1f22327b2ebbcfbec78f5564afe39d,d4735e3a265e16eee03f59718b9b5d03019c07d8b6c51f90da3a666eec13ab35
2021-07-09 04:07:56,945 INFO o.a.j.e.J.JSR223 PostProcessor: Processing...6b86b273ff34fce19d6b804eff5a3f5747ada4eaa22f1d49c01e52ddb7875b4b,7902699be42c8a8e46fbbb4501726517e86b22c56a189f7625a6da49081b2451,e7f6c011776e8db7cd330b54174fd76f7d0216b612387a5ffcfb81e6f0919683,4e07408562bedb8b60ce05c1decfe3ad16b72230967de01f640b7e4729b49fce,4b227777d4dd1fc61c6f884f48641d02b4d121d3fd328cb08b5531fcacdabf8a,ef2d127de37b942baad06145e54b0c619a1f22327b2ebbcfbec78f5564afe39d,d4735e3a265e16eee03f59718b9b5d03019c07d8b6c51f90da3a666eec13ab35
2021-07-09 04:07:58,013 INFO o.a.j.e.J.JSR223 PostProcessor: Processing...6b86b273ff34fce19d6b804eff5a3f5747ada4eaa22f1d49c01e52ddb7875b4b,7902699be42c8a8e46fbbb4501726517e86b22c56a189f7625a6da49081b2451,e7f6c011776e8db7cd330b54174fd76f7d0216b612387a5ffcfb81e6f0919683,4e07408562bedb8b60ce05c1decfe3ad16b72230967de01f640b7e4729b49fce,4b227777d4dd1fc61c6f884f48641d02b4d121d3fd328cb08b5531fcacdabf8a,ef2d127de37b942baad06145e54b0c619a1f22327b2ebbcfbec78f5564afe39d,d4735e3a265e16eee03f59718b9b5d03019c07d8b6c51f90da3a666eec13ab35
2021-07-09 04:07:58,166 INFO o.a.j.e.J.JSR223 PostProcessor: Processing...6b86b273ff34fce19d6b804eff5a3f5747ada4eaa22f1d49c01e52ddb7875b4b,7902699be42c8a8e46fbbb4501726517e86b22c56a189f7625a6da49081b2451,e7f6c011776e8db7cd330b54174fd76f7d0216b612387a5ffcfb81e6f0919683,4e07408562bedb8b60ce05c1decfe3ad16b72230967de01f640b7e4729b49fce,4b227777d4dd1fc61c6f884f48641d02b4d121d3fd328cb08b5531fcacdabf8a,ef2d127de37b942baad06145e54b0c619a1f22327b2ebbcfbec78f5564afe39d,d4735e3a265e16eee03f59718b9b5d03019c07d8b6c51f90da3a666eec13ab35
2021-07-09 04:07:58,332 INFO o.a.j.e.J.JSR223 PostProcessor: Processing...6b86b273ff34fce19d6b804eff5a3f5747ada4eaa22f1d49c01e52ddb7875b4b,7902699be42c8a8e46fbbb4501726517e86b22c56a189f7625a6da49081b2451,e7f6c011776e8db7cd330b54174fd76f7d0216b612387a5ffcfb81e6f0919683,4e07408562bedb8b60ce05c1decfe3ad16b72230967de01f640b7e4729b49fce,4b227777d4dd1fc61c6f884f48641d02b4d121d3fd328cb08b5531fcacdabf8a,ef2d127de37b942baad06145e54b0c619a1f22327b2ebbcfbec78f5564afe39d,d4735e3a265e16eee03f59718b9b5d03019c07d8b6c51f90da3a666eec13ab35
2021-07-09 04:07:58,385 INFO o.a.j.e.J.JSR223 PostProcessor: Processing...6b86b273ff34fce19d6b804eff5a3f5747ada4eaa22f1d49c01e52ddb7875b4b,7902699be42c8a8e46fbbb4501726517e86b22c56a189f7625a6da49081b2451,e7f6c011776e8db7cd330b54174fd76f7d0216b612387a5ffcfb81e6f0919683,4e07408562bedb8b60ce05c1decfe3ad16b72230967de01f640b7e4729b49fce,4b227777d4dd1fc61c6f884f48641d02b4d121d3fd328cb08b5531fcacdabf8a,ef2d127de37b942baad06145e54b0c619a1f22327b2ebbcfbec78f5564afe39d,d4735e3a265e16eee03f59718b9b5d03019c07d8b6c51f90da3a666eec13ab35
2021-07-09 04:08:00,037 INFO o.a.j.r.Summariser: summary +    158 in 00:00:30 =    5.3/s Avg:  1992 Min:   111 Max:  9589 Err:     0 (0.00%) Active: 10 Started: 10 Finished: 0
2021-07-09 04:08:00,038 INFO o.a.j.r.Summariser: summary =    667 in 00:01:50 =    6.1/s Avg:  1541 Min:    76 Max:  9589 Err:     0 (0.00%)
2021-07-09 04:08:30,350 INFO o.a.j.r.Summariser: summary +    187 in 00:00:30 =    6.2/s Avg:  1581 Min:   130 Max:  7874 Err:     0 (0.00%) Active: 10 Started: 10 Finished: 0
2021-07-09 04:08:30,350 INFO o.a.j.r.Summariser: summary =    854 in 00:02:20 =    6.1/s Avg:  1550 Min:    76 Max:  9589 Err:     0 (0.00%)
2021-07-09 04:08:36,227 INFO o.a.j.e.J.JSR223 PostProcessor: Processing...6b86b273ff34fce19d6b804eff5a3f5747ada4eaa22f1d49c01e52ddb7875b4b,7902699be42c8a8e46fbbb4501726517e86b22c56a189f7625a6da49081b2451,e7f6c011776e8db7cd330b54174fd76f7d0216b612387a5ffcfb81e6f0919683,4e07408562bedb8b60ce05c1decfe3ad16b72230967de01f640b7e4729b49fce,4b227777d4dd1fc61c6f884f48641d02b4d121d3fd328cb08b5531fcacdabf8a,ef2d127de37b942baad06145e54b0c619a1f22327b2ebbcfbec78f5564afe39d,d4735e3a265e16eee03f59718b9b5d03019c07d8b6c51f90da3a666eec13ab35
2021-07-09 04:08:37,733 INFO o.a.j.e.J.JSR223 PostProcessor: Processing...6b86b273ff34fce19d6b804eff5a3f5747ada4eaa22f1d49c01e52ddb7875b4b,7902699be42c8a8e46fbbb4501726517e86b22c56a189f7625a6da49081b2451,e7f6c011776e8db7cd330b54174fd76f7d0216b612387a5ffcfb81e6f0919683,4e07408562bedb8b60ce05c1decfe3ad16b72230967de01f640b7e4729b49fce,4b227777d4dd1fc61c6f884f48641d02b4d121d3fd328cb08b5531fcacdabf8a,ef2d127de37b942baad06145e54b0c619a1f22327b2ebbcfbec78f5564afe39d,d4735e3a265e16eee03f59718b9b5d03019c07d8b6c51f90da3a666eec13ab35
2021-07-09 04:08:38,267 INFO o.a.j.e.J.JSR223 PostProcessor: Processing...6b86b273ff34fce19d6b804eff5a3f5747ada4eaa22f1d49c01e52ddb7875b4b,7902699be42c8a8e46fbbb4501726517e86b22c56a189f7625a6da49081b2451,e7f6c011776e8db7cd330b54174fd76f7d0216b612387a5ffcfb81e6f0919683,4e07408562bedb8b60ce05c1decfe3ad16b72230967de01f640b7e4729b49fce,4b227777d4dd1fc61c6f884f48641d02b4d121d3fd328cb08b5531fcacdabf8a,ef2d127de37b942baad06145e54b0c619a1f22327b2ebbcfbec78f5564afe39d,d4735e3a265e16eee03f59718b9b5d03019c07d8b6c51f90da3a666eec13ab35
2021-07-09 04:08:39,278 INFO o.a.j.e.J.JSR223 PostProcessor: Processing...6b86b273ff34fce19d6b804eff5a3f5747ada4eaa22f1d49c01e52ddb7875b4b,7902699be42c8a8e46fbbb4501726517e86b22c56a189f7625a6da49081b2451,e7f6c011776e8db7cd330b54174fd76f7d0216b612387a5ffcfb81e6f0919683,4e07408562bedb8b60ce05c1decfe3ad16b72230967de01f640b7e4729b49fce,4b227777d4dd1fc61c6f884f48641d02b4d121d3fd328cb08b5531fcacdabf8a,ef2d127de37b942baad06145e54b0c619a1f22327b2ebbcfbec78f5564afe39d,d4735e3a265e16eee03f59718b9b5d03019c07d8b6c51f90da3a666eec13ab35
2021-07-09 04:08:39,817 INFO o.a.j.e.J.JSR223 PostProcessor: Processing...6b86b273ff34fce19d6b804eff5a3f5747ada4eaa22f1d49c01e52ddb7875b4b,7902699be42c8a8e46fbbb4501726517e86b22c56a189f7625a6da49081b2451,e7f6c011776e8db7cd330b54174fd76f7d0216b612387a5ffcfb81e6f0919683,4e07408562bedb8b60ce05c1decfe3ad16b72230967de01f640b7e4729b49fce,4b227777d4dd1fc61c6f884f48641d02b4d121d3fd328cb08b5531fcacdabf8a,ef2d127de37b942baad06145e54b0c619a1f22327b2ebbcfbec78f5564afe39d,d4735e3a265e16eee03f59718b9b5d03019c07d8b6c51f90da3a666eec13ab35
2021-07-09 04:08:40,647 INFO o.a.j.e.J.JSR223 PostProcessor: Processing...6b86b273ff34fce19d6b804eff5a3f5747ada4eaa22f1d49c01e52ddb7875b4b,7902699be42c8a8e46fbbb4501726517e86b22c56a189f7625a6da49081b2451,e7f6c011776e8db7cd330b54174fd76f7d0216b612387a5ffcfb81e6f0919683,4e07408562bedb8b60ce05c1decfe3ad16b72230967de01f640b7e4729b49fce,4b227777d4dd1fc61c6f884f48641d02b4d121d3fd328cb08b5531fcacdabf8a,ef2d127de37b942baad06145e54b0c619a1f22327b2ebbcfbec78f5564afe39d,d4735e3a265e16eee03f59718b9b5d03019c07d8b6c51f90da3a666eec13ab35
2021-07-09 04:08:42,162 INFO o.a.j.e.J.JSR223 PostProcessor: Processing...6b86b273ff34fce19d6b804eff5a3f5747ada4eaa22f1d49c01e52ddb7875b4b,7902699be42c8a8e46fbbb4501726517e86b22c56a189f7625a6da49081b2451,e7f6c011776e8db7cd330b54174fd76f7d0216b612387a5ffcfb81e6f0919683,4e07408562bedb8b60ce05c1decfe3ad16b72230967de01f640b7e4729b49fce,4b227777d4dd1fc61c6f884f48641d02b4d121d3fd328cb08b5531fcacdabf8a,ef2d127de37b942baad06145e54b0c619a1f22327b2ebbcfbec78f5564afe39d,d4735e3a265e16eee03f59718b9b5d03019c07d8b6c51f90da3a666eec13ab35
2021-07-09 04:08:43,671 INFO o.a.j.e.J.JSR223 PostProcessor: Processing...6b86b273ff34fce19d6b804eff5a3f5747ada4eaa22f1d49c01e52ddb7875b4b,7902699be42c8a8e46fbbb4501726517e86b22c56a189f7625a6da49081b2451,e7f6c011776e8db7cd330b54174fd76f7d0216b612387a5ffcfb81e6f0919683,4e07408562bedb8b60ce05c1decfe3ad16b72230967de01f640b7e4729b49fce,4b227777d4dd1fc61c6f884f48641d02b4d121d3fd328cb08b5531fcacdabf8a,ef2d127de37b942baad06145e54b0c619a1f22327b2ebbcfbec78f5564afe39d,d4735e3a265e16eee03f59718b9b5d03019c07d8b6c51f90da3a666eec13ab35
2021-07-09 04:08:44,022 INFO o.a.j.e.J.JSR223 PostProcessor: Processing...6b86b273ff34fce19d6b804eff5a3f5747ada4eaa22f1d49c01e52ddb7875b4b,7902699be42c8a8e46fbbb4501726517e86b22c56a189f7625a6da49081b2451,e7f6c011776e8db7cd330b54174fd76f7d0216b612387a5ffcfb81e6f0919683,4e07408562bedb8b60ce05c1decfe3ad16b72230967de01f640b7e4729b49fce,4b227777d4dd1fc61c6f884f48641d02b4d121d3fd328cb08b5531fcacdabf8a,ef2d127de37b942baad06145e54b0c619a1f22327b2ebbcfbec78f5564afe39d,d4735e3a265e16eee03f59718b9b5d03019c07d8b6c51f90da3a666eec13ab35
2021-07-09 04:08:44,209 INFO o.a.j.e.J.JSR223 PostProcessor: Processing...6b86b273ff34fce19d6b804eff5a3f5747ada4eaa22f1d49c01e52ddb7875b4b,7902699be42c8a8e46fbbb4501726517e86b22c56a189f7625a6da49081b2451,e7f6c011776e8db7cd330b54174fd76f7d0216b612387a5ffcfb81e6f0919683,4e07408562bedb8b60ce05c1decfe3ad16b72230967de01f640b7e4729b49fce,4b227777d4dd1fc61c6f884f48641d02b4d121d3fd328cb08b5531fcacdabf8a,ef2d127de37b942baad06145e54b0c619a1f22327b2ebbcfbec78f5564afe39d,d4735e3a265e16eee03f59718b9b5d03019c07d8b6c51f90da3a666eec13ab35
2021-07-09 04:09:00,183 INFO o.a.j.r.Summariser: summary +    233 in 00:00:30 =    7.8/s Avg:  1224 Min:   113 Max:  4370 Err:     0 (0.00%) Active: 10 Started: 10 Finished: 0
2021-07-09 04:09:00,184 INFO o.a.j.r.Summariser: summary =   1087 in 00:02:50 =    6.4/s Avg:  1480 Min:    76 Max:  9589 Err:     0 (0.00%)
2021-07-09 04:09:19,662 INFO o.a.j.e.J.JSR223 PostProcessor: Processing...6b86b273ff34fce19d6b804eff5a3f5747ada4eaa22f1d49c01e52ddb7875b4b,7902699be42c8a8e46fbbb4501726517e86b22c56a189f7625a6da49081b2451,e7f6c011776e8db7cd330b54174fd76f7d0216b612387a5ffcfb81e6f0919683,4e07408562bedb8b60ce05c1decfe3ad16b72230967de01f640b7e4729b49fce,4b227777d4dd1fc61c6f884f48641d02b4d121d3fd328cb08b5531fcacdabf8a,ef2d127de37b942baad06145e54b0c619a1f22327b2ebbcfbec78f5564afe39d,d4735e3a265e16eee03f59718b9b5d03019c07d8b6c51f90da3a666eec13ab35
2021-07-09 04:09:21,013 INFO o.a.j.e.J.JSR223 PostProcessor: Processing...6b86b273ff34fce19d6b804eff5a3f5747ada4eaa22f1d49c01e52ddb7875b4b,7902699be42c8a8e46fbbb4501726517e86b22c56a189f7625a6da49081b2451,e7f6c011776e8db7cd330b54174fd76f7d0216b612387a5ffcfb81e6f0919683,4e07408562bedb8b60ce05c1decfe3ad16b72230967de01f640b7e4729b49fce,4b227777d4dd1fc61c6f884f48641d02b4d121d3fd328cb08b5531fcacdabf8a,ef2d127de37b942baad06145e54b0c619a1f22327b2ebbcfbec78f5564afe39d,d4735e3a265e16eee03f59718b9b5d03019c07d8b6c51f90da3a666eec13ab35
2021-07-09 04:09:21,706 INFO o.a.j.e.J.JSR223 PostProcessor: Processing...6b86b273ff34fce19d6b804eff5a3f5747ada4eaa22f1d49c01e52ddb7875b4b,7902699be42c8a8e46fbbb4501726517e86b22c56a189f7625a6da49081b2451,e7f6c011776e8db7cd330b54174fd76f7d0216b612387a5ffcfb81e6f0919683,4e07408562bedb8b60ce05c1decfe3ad16b72230967de01f640b7e4729b49fce,4b227777d4dd1fc61c6f884f48641d02b4d121d3fd328cb08b5531fcacdabf8a,ef2d127de37b942baad06145e54b0c619a1f22327b2ebbcfbec78f5564afe39d,d4735e3a265e16eee03f59718b9b5d03019c07d8b6c51f90da3a666eec13ab35
2021-07-09 04:09:23,509 INFO o.a.j.e.J.JSR223 PostProcessor: Processing...6b86b273ff34fce19d6b804eff5a3f5747ada4eaa22f1d49c01e52ddb7875b4b,7902699be42c8a8e46fbbb4501726517e86b22c56a189f7625a6da49081b2451,e7f6c011776e8db7cd330b54174fd76f7d0216b612387a5ffcfb81e6f0919683,4e07408562bedb8b60ce05c1decfe3ad16b72230967de01f640b7e4729b49fce,4b227777d4dd1fc61c6f884f48641d02b4d121d3fd328cb08b5531fcacdabf8a,ef2d127de37b942baad06145e54b0c619a1f22327b2ebbcfbec78f5564afe39d,d4735e3a265e16eee03f59718b9b5d03019c07d8b6c51f90da3a666eec13ab35
2021-07-09 04:09:23,606 INFO o.a.j.e.J.JSR223 PostProcessor: Processing...6b86b273ff34fce19d6b804eff5a3f5747ada4eaa22f1d49c01e52ddb7875b4b,7902699be42c8a8e46fbbb4501726517e86b22c56a189f7625a6da49081b2451,e7f6c011776e8db7cd330b54174fd76f7d0216b612387a5ffcfb81e6f0919683,4e07408562bedb8b60ce05c1decfe3ad16b72230967de01f640b7e4729b49fce,4b227777d4dd1fc61c6f884f48641d02b4d121d3fd328cb08b5531fcacdabf8a,ef2d127de37b942baad06145e54b0c619a1f22327b2ebbcfbec78f5564afe39d,d4735e3a265e16eee03f59718b9b5d03019c07d8b6c51f90da3a666eec13ab35
2021-07-09 04:09:24,124 INFO o.a.j.e.J.JSR223 PostProcessor: Processing...6b86b273ff34fce19d6b804eff5a3f5747ada4eaa22f1d49c01e52ddb7875b4b,7902699be42c8a8e46fbbb4501726517e86b22c56a189f7625a6da49081b2451,e7f6c011776e8db7cd330b54174fd76f7d0216b612387a5ffcfb81e6f0919683,4e07408562bedb8b60ce05c1decfe3ad16b72230967de01f640b7e4729b49fce,4b227777d4dd1fc61c6f884f48641d02b4d121d3fd328cb08b5531fcacdabf8a,ef2d127de37b942baad06145e54b0c619a1f22327b2ebbcfbec78f5564afe39d,d4735e3a265e16eee03f59718b9b5d03019c07d8b6c51f90da3a666eec13ab35
2021-07-09 04:09:25,737 INFO o.a.j.e.J.JSR223 PostProcessor: Processing...6b86b273ff34fce19d6b804eff5a3f5747ada4eaa22f1d49c01e52ddb7875b4b,7902699be42c8a8e46fbbb4501726517e86b22c56a189f7625a6da49081b2451,e7f6c011776e8db7cd330b54174fd76f7d0216b612387a5ffcfb81e6f0919683,4e07408562bedb8b60ce05c1decfe3ad16b72230967de01f640b7e4729b49fce,4b227777d4dd1fc61c6f884f48641d02b4d121d3fd328cb08b5531fcacdabf8a,ef2d127de37b942baad06145e54b0c619a1f22327b2ebbcfbec78f5564afe39d,d4735e3a265e16eee03f59718b9b5d03019c07d8b6c51f90da3a666eec13ab35
2021-07-09 04:09:25,799 INFO o.a.j.e.J.JSR223 PostProcessor: Processing...6b86b273ff34fce19d6b804eff5a3f5747ada4eaa22f1d49c01e52ddb7875b4b,7902699be42c8a8e46fbbb4501726517e86b22c56a189f7625a6da49081b2451,e7f6c011776e8db7cd330b54174fd76f7d0216b612387a5ffcfb81e6f0919683,4e07408562bedb8b60ce05c1decfe3ad16b72230967de01f640b7e4729b49fce,4b227777d4dd1fc61c6f884f48641d02b4d121d3fd328cb08b5531fcacdabf8a,ef2d127de37b942baad06145e54b0c619a1f22327b2ebbcfbec78f5564afe39d,d4735e3a265e16eee03f59718b9b5d03019c07d8b6c51f90da3a666eec13ab35
2021-07-09 04:09:26,848 INFO o.a.j.e.J.JSR223 PostProcessor: Processing...6b86b273ff34fce19d6b804eff5a3f5747ada4eaa22f1d49c01e52ddb7875b4b,7902699be42c8a8e46fbbb4501726517e86b22c56a189f7625a6da49081b2451,e7f6c011776e8db7cd330b54174fd76f7d0216b612387a5ffcfb81e6f0919683,4e07408562bedb8b60ce05c1decfe3ad16b72230967de01f640b7e4729b49fce,4b227777d4dd1fc61c6f884f48641d02b4d121d3fd328cb08b5531fcacdabf8a,ef2d127de37b942baad06145e54b0c619a1f22327b2ebbcfbec78f5564afe39d,d4735e3a265e16eee03f59718b9b5d03019c07d8b6c51f90da3a666eec13ab35
2021-07-09 04:09:28,131 INFO o.a.j.e.J.JSR223 PostProcessor: Processing...6b86b273ff34fce19d6b804eff5a3f5747ada4eaa22f1d49c01e52ddb7875b4b,7902699be42c8a8e46fbbb4501726517e86b22c56a189f7625a6da49081b2451,e7f6c011776e8db7cd330b54174fd76f7d0216b612387a5ffcfb81e6f0919683,4e07408562bedb8b60ce05c1decfe3ad16b72230967de01f640b7e4729b49fce,4b227777d4dd1fc61c6f884f48641d02b4d121d3fd328cb08b5531fcacdabf8a,ef2d127de37b942baad06145e54b0c619a1f22327b2ebbcfbec78f5564afe39d,d4735e3a265e16eee03f59718b9b5d03019c07d8b6c51f90da3a666eec13ab35
2021-07-09 04:09:30,100 INFO o.a.j.r.Summariser: summary +    188 in 00:00:30 =    6.3/s Avg:  1696 Min:   108 Max:  5664 Err:     0 (0.00%) Active: 10 Started: 10 Finished: 0
2021-07-09 04:09:30,101 INFO o.a.j.r.Summariser: summary =   1275 in 00:03:20 =    6.4/s Avg:  1512 Min:    76 Max:  9589 Err:     0 (0.00%)
2021-07-09 04:10:00,221 INFO o.a.j.r.Summariser: summary +    190 in 00:00:30 =    6.3/s Avg:  1574 Min:   123 Max:  6669 Err:     0 (0.00%) Active: 10 Started: 10 Finished: 0
2021-07-09 04:10:00,222 INFO o.a.j.r.Summariser: summary =   1465 in 00:03:50 =    6.4/s Avg:  1520 Min:    76 Max:  9589 Err:     0 (0.00%)
2021-07-09 04:10:03,299 INFO o.a.j.e.J.JSR223 PostProcessor: Processing...6b86b273ff34fce19d6b804eff5a3f5747ada4eaa22f1d49c01e52ddb7875b4b,7902699be42c8a8e46fbbb4501726517e86b22c56a189f7625a6da49081b2451,e7f6c011776e8db7cd330b54174fd76f7d0216b612387a5ffcfb81e6f0919683,4e07408562bedb8b60ce05c1decfe3ad16b72230967de01f640b7e4729b49fce,4b227777d4dd1fc61c6f884f48641d02b4d121d3fd328cb08b5531fcacdabf8a,ef2d127de37b942baad06145e54b0c619a1f22327b2ebbcfbec78f5564afe39d,d4735e3a265e16eee03f59718b9b5d03019c07d8b6c51f90da3a666eec13ab35
2021-07-09 04:10:04,517 INFO o.a.j.e.J.JSR223 PostProcessor: Processing...6b86b273ff34fce19d6b804eff5a3f5747ada4eaa22f1d49c01e52ddb7875b4b,7902699be42c8a8e46fbbb4501726517e86b22c56a189f7625a6da49081b2451,e7f6c011776e8db7cd330b54174fd76f7d0216b612387a5ffcfb81e6f0919683,4e07408562bedb8b60ce05c1decfe3ad16b72230967de01f640b7e4729b49fce,4b227777d4dd1fc61c6f884f48641d02b4d121d3fd328cb08b5531fcacdabf8a,ef2d127de37b942baad06145e54b0c619a1f22327b2ebbcfbec78f5564afe39d,d4735e3a265e16eee03f59718b9b5d03019c07d8b6c51f90da3a666eec13ab35
2021-07-09 04:10:05,669 INFO o.a.j.e.J.JSR223 PostProcessor: Processing...6b86b273ff34fce19d6b804eff5a3f5747ada4eaa22f1d49c01e52ddb7875b4b,7902699be42c8a8e46fbbb4501726517e86b22c56a189f7625a6da49081b2451,e7f6c011776e8db7cd330b54174fd76f7d0216b612387a5ffcfb81e6f0919683,4e07408562bedb8b60ce05c1decfe3ad16b72230967de01f640b7e4729b49fce,4b227777d4dd1fc61c6f884f48641d02b4d121d3fd328cb08b5531fcacdabf8a,ef2d127de37b942baad06145e54b0c619a1f22327b2ebbcfbec78f5564afe39d,d4735e3a265e16eee03f59718b9b5d03019c07d8b6c51f90da3a666eec13ab35
2021-07-09 04:10:06,884 INFO o.a.j.e.J.JSR223 PostProcessor: Processing...6b86b273ff34fce19d6b804eff5a3f5747ada4eaa22f1d49c01e52ddb7875b4b,7902699be42c8a8e46fbbb4501726517e86b22c56a189f7625a6da49081b2451,e7f6c011776e8db7cd330b54174fd76f7d0216b612387a5ffcfb81e6f0919683,4e07408562bedb8b60ce05c1decfe3ad16b72230967de01f640b7e4729b49fce,4b227777d4dd1fc61c6f884f48641d02b4d121d3fd328cb08b5531fcacdabf8a,ef2d127de37b942baad06145e54b0c619a1f22327b2ebbcfbec78f5564afe39d,d4735e3a265e16eee03f59718b9b5d03019c07d8b6c51f90da3a666eec13ab35
2021-07-09 04:10:07,140 INFO o.a.j.e.J.JSR223 PostProcessor: Processing...6b86b273ff34fce19d6b804eff5a3f5747ada4eaa22f1d49c01e52ddb7875b4b,7902699be42c8a8e46fbbb4501726517e86b22c56a189f7625a6da49081b2451,e7f6c011776e8db7cd330b54174fd76f7d0216b612387a5ffcfb81e6f0919683,4e07408562bedb8b60ce05c1decfe3ad16b72230967de01f640b7e4729b49fce,4b227777d4dd1fc61c6f884f48641d02b4d121d3fd328cb08b5531fcacdabf8a,ef2d127de37b942baad06145e54b0c619a1f22327b2ebbcfbec78f5564afe39d,d4735e3a265e16eee03f59718b9b5d03019c07d8b6c51f90da3a666eec13ab35
2021-07-09 04:10:09,575 INFO o.a.j.e.J.JSR223 PostProcessor: Processing...6b86b273ff34fce19d6b804eff5a3f5747ada4eaa22f1d49c01e52ddb7875b4b,7902699be42c8a8e46fbbb4501726517e86b22c56a189f7625a6da49081b2451,e7f6c011776e8db7cd330b54174fd76f7d0216b612387a5ffcfb81e6f0919683,4e07408562bedb8b60ce05c1decfe3ad16b72230967de01f640b7e4729b49fce,4b227777d4dd1fc61c6f884f48641d02b4d121d3fd328cb08b5531fcacdabf8a,ef2d127de37b942baad06145e54b0c619a1f22327b2ebbcfbec78f5564afe39d,d4735e3a265e16eee03f59718b9b5d03019c07d8b6c51f90da3a666eec13ab35
2021-07-09 04:10:09,655 INFO o.a.j.e.J.JSR223 PostProcessor: Processing...6b86b273ff34fce19d6b804eff5a3f5747ada4eaa22f1d49c01e52ddb7875b4b,7902699be42c8a8e46fbbb4501726517e86b22c56a189f7625a6da49081b2451,e7f6c011776e8db7cd330b54174fd76f7d0216b612387a5ffcfb81e6f0919683,4e07408562bedb8b60ce05c1decfe3ad16b72230967de01f640b7e4729b49fce,4b227777d4dd1fc61c6f884f48641d02b4d121d3fd328cb08b5531fcacdabf8a,ef2d127de37b942baad06145e54b0c619a1f22327b2ebbcfbec78f5564afe39d,d4735e3a265e16eee03f59718b9b5d03019c07d8b6c51f90da3a666eec13ab35
2021-07-09 04:10:09,728 INFO o.a.j.e.J.JSR223 PostProcessor: Processing...6b86b273ff34fce19d6b804eff5a3f5747ada4eaa22f1d49c01e52ddb7875b4b,7902699be42c8a8e46fbbb4501726517e86b22c56a189f7625a6da49081b2451,e7f6c011776e8db7cd330b54174fd76f7d0216b612387a5ffcfb81e6f0919683,4e07408562bedb8b60ce05c1decfe3ad16b72230967de01f640b7e4729b49fce,4b227777d4dd1fc61c6f884f48641d02b4d121d3fd328cb08b5531fcacdabf8a,ef2d127de37b942baad06145e54b0c619a1f22327b2ebbcfbec78f5564afe39d,d4735e3a265e16eee03f59718b9b5d03019c07d8b6c51f90da3a666eec13ab35
2021-07-09 04:10:09,732 INFO o.a.j.e.J.JSR223 PostProcessor: Processing...6b86b273ff34fce19d6b804eff5a3f5747ada4eaa22f1d49c01e52ddb7875b4b,7902699be42c8a8e46fbbb4501726517e86b22c56a189f7625a6da49081b2451,e7f6c011776e8db7cd330b54174fd76f7d0216b612387a5ffcfb81e6f0919683,4e07408562bedb8b60ce05c1decfe3ad16b72230967de01f640b7e4729b49fce,4b227777d4dd1fc61c6f884f48641d02b4d121d3fd328cb08b5531fcacdabf8a,ef2d127de37b942baad06145e54b0c619a1f22327b2ebbcfbec78f5564afe39d,d4735e3a265e16eee03f59718b9b5d03019c07d8b6c51f90da3a666eec13ab35
2021-07-09 04:10:11,075 INFO o.a.j.e.J.JSR223 PostProcessor: Processing...6b86b273ff34fce19d6b804eff5a3f5747ada4eaa22f1d49c01e52ddb7875b4b,7902699be42c8a8e46fbbb4501726517e86b22c56a189f7625a6da49081b2451,e7f6c011776e8db7cd330b54174fd76f7d0216b612387a5ffcfb81e6f0919683,4e07408562bedb8b60ce05c1decfe3ad16b72230967de01f640b7e4729b49fce,4b227777d4dd1fc61c6f884f48641d02b4d121d3fd328cb08b5531fcacdabf8a,ef2d127de37b942baad06145e54b0c619a1f22327b2ebbcfbec78f5564afe39d,d4735e3a265e16eee03f59718b9b5d03019c07d8b6c51f90da3a666eec13ab35
2021-07-09 04:10:30,034 INFO o.a.j.r.Summariser: summary +    212 in 00:00:30 =    7.1/s Avg:  1330 Min:   132 Max:  5539 Err:     0 (0.00%) Active: 10 Started: 10 Finished: 0
2021-07-09 04:10:30,034 INFO o.a.j.r.Summariser: summary =   1677 in 00:04:20 =    6.5/s Avg:  1496 Min:    76 Max:  9589 Err:     0 (0.00%)
2021-07-09 04:10:46,682 INFO o.a.j.e.J.JSR223 PostProcessor: Processing...6b86b273ff34fce19d6b804eff5a3f5747ada4eaa22f1d49c01e52ddb7875b4b,7902699be42c8a8e46fbbb4501726517e86b22c56a189f7625a6da49081b2451,e7f6c011776e8db7cd330b54174fd76f7d0216b612387a5ffcfb81e6f0919683,4e07408562bedb8b60ce05c1decfe3ad16b72230967de01f640b7e4729b49fce,4b227777d4dd1fc61c6f884f48641d02b4d121d3fd328cb08b5531fcacdabf8a,ef2d127de37b942baad06145e54b0c619a1f22327b2ebbcfbec78f5564afe39d,d4735e3a265e16eee03f59718b9b5d03019c07d8b6c51f90da3a666eec13ab35
2021-07-09 04:10:47,751 INFO o.a.j.e.J.JSR223 PostProcessor: Processing...6b86b273ff34fce19d6b804eff5a3f5747ada4eaa22f1d49c01e52ddb7875b4b,7902699be42c8a8e46fbbb4501726517e86b22c56a189f7625a6da49081b2451,e7f6c011776e8db7cd330b54174fd76f7d0216b612387a5ffcfb81e6f0919683,4e07408562bedb8b60ce05c1decfe3ad16b72230967de01f640b7e4729b49fce,4b227777d4dd1fc61c6f884f48641d02b4d121d3fd328cb08b5531fcacdabf8a,ef2d127de37b942baad06145e54b0c619a1f22327b2ebbcfbec78f5564afe39d,d4735e3a265e16eee03f59718b9b5d03019c07d8b6c51f90da3a666eec13ab35
2021-07-09 04:10:49,743 INFO o.a.j.e.J.JSR223 PostProcessor: Processing...6b86b273ff34fce19d6b804eff5a3f5747ada4eaa22f1d49c01e52ddb7875b4b,7902699be42c8a8e46fbbb4501726517e86b22c56a189f7625a6da49081b2451,e7f6c011776e8db7cd330b54174fd76f7d0216b612387a5ffcfb81e6f0919683,4e07408562bedb8b60ce05c1decfe3ad16b72230967de01f640b7e4729b49fce,4b227777d4dd1fc61c6f884f48641d02b4d121d3fd328cb08b5531fcacdabf8a,ef2d127de37b942baad06145e54b0c619a1f22327b2ebbcfbec78f5564afe39d,d4735e3a265e16eee03f59718b9b5d03019c07d8b6c51f90da3a666eec13ab35
2021-07-09 04:10:52,159 INFO o.a.j.e.J.JSR223 PostProcessor: Processing...6b86b273ff34fce19d6b804eff5a3f5747ada4eaa22f1d49c01e52ddb7875b4b,7902699be42c8a8e46fbbb4501726517e86b22c56a189f7625a6da49081b2451,e7f6c011776e8db7cd330b54174fd76f7d0216b612387a5ffcfb81e6f0919683,4e07408562bedb8b60ce05c1decfe3ad16b72230967de01f640b7e4729b49fce,4b227777d4dd1fc61c6f884f48641d02b4d121d3fd328cb08b5531fcacdabf8a,ef2d127de37b942baad06145e54b0c619a1f22327b2ebbcfbec78f5564afe39d,d4735e3a265e16eee03f59718b9b5d03019c07d8b6c51f90da3a666eec13ab35
2021-07-09 04:10:52,454 INFO o.a.j.e.J.JSR223 PostProcessor: Processing...6b86b273ff34fce19d6b804eff5a3f5747ada4eaa22f1d49c01e52ddb7875b4b,7902699be42c8a8e46fbbb4501726517e86b22c56a189f7625a6da49081b2451,e7f6c011776e8db7cd330b54174fd76f7d0216b612387a5ffcfb81e6f0919683,4e07408562bedb8b60ce05c1decfe3ad16b72230967de01f640b7e4729b49fce,4b227777d4dd1fc61c6f884f48641d02b4d121d3fd328cb08b5531fcacdabf8a,ef2d127de37b942baad06145e54b0c619a1f22327b2ebbcfbec78f5564afe39d,d4735e3a265e16eee03f59718b9b5d03019c07d8b6c51f90da3a666eec13ab35
2021-07-09 04:10:52,644 INFO o.a.j.e.J.JSR223 PostProcessor: Processing...6b86b273ff34fce19d6b804eff5a3f5747ada4eaa22f1d49c01e52ddb7875b4b,7902699be42c8a8e46fbbb4501726517e86b22c56a189f7625a6da49081b2451,e7f6c011776e8db7cd330b54174fd76f7d0216b612387a5ffcfb81e6f0919683,4e07408562bedb8b60ce05c1decfe3ad16b72230967de01f640b7e4729b49fce,4b227777d4dd1fc61c6f884f48641d02b4d121d3fd328cb08b5531fcacdabf8a,ef2d127de37b942baad06145e54b0c619a1f22327b2ebbcfbec78f5564afe39d,d4735e3a265e16eee03f59718b9b5d03019c07d8b6c51f90da3a666eec13ab35
2021-07-09 04:10:52,723 INFO o.a.j.e.J.JSR223 PostProcessor: Processing...6b86b273ff34fce19d6b804eff5a3f5747ada4eaa22f1d49c01e52ddb7875b4b,7902699be42c8a8e46fbbb4501726517e86b22c56a189f7625a6da49081b2451,e7f6c011776e8db7cd330b54174fd76f7d0216b612387a5ffcfb81e6f0919683,4e07408562bedb8b60ce05c1decfe3ad16b72230967de01f640b7e4729b49fce,4b227777d4dd1fc61c6f884f48641d02b4d121d3fd328cb08b5531fcacdabf8a,ef2d127de37b942baad06145e54b0c619a1f22327b2ebbcfbec78f5564afe39d,d4735e3a265e16eee03f59718b9b5d03019c07d8b6c51f90da3a666eec13ab35
2021-07-09 04:10:54,260 INFO o.a.j.e.J.JSR223 PostProcessor: Processing...6b86b273ff34fce19d6b804eff5a3f5747ada4eaa22f1d49c01e52ddb7875b4b,7902699be42c8a8e46fbbb4501726517e86b22c56a189f7625a6da49081b2451,e7f6c011776e8db7cd330b54174fd76f7d0216b612387a5ffcfb81e6f0919683,4e07408562bedb8b60ce05c1decfe3ad16b72230967de01f640b7e4729b49fce,4b227777d4dd1fc61c6f884f48641d02b4d121d3fd328cb08b5531fcacdabf8a,ef2d127de37b942baad06145e54b0c619a1f22327b2ebbcfbec78f5564afe39d,d4735e3a265e16eee03f59718b9b5d03019c07d8b6c51f90da3a666eec13ab35
2021-07-09 04:10:54,437 INFO o.a.j.e.J.JSR223 PostProcessor: Processing...6b86b273ff34fce19d6b804eff5a3f5747ada4eaa22f1d49c01e52ddb7875b4b,7902699be42c8a8e46fbbb4501726517e86b22c56a189f7625a6da49081b2451,e7f6c011776e8db7cd330b54174fd76f7d0216b612387a5ffcfb81e6f0919683,4e07408562bedb8b60ce05c1decfe3ad16b72230967de01f640b7e4729b49fce,4b227777d4dd1fc61c6f884f48641d02b4d121d3fd328cb08b5531fcacdabf8a,ef2d127de37b942baad06145e54b0c619a1f22327b2ebbcfbec78f5564afe39d,d4735e3a265e16eee03f59718b9b5d03019c07d8b6c51f90da3a666eec13ab35
2021-07-09 04:10:54,490 INFO o.a.j.e.J.JSR223 PostProcessor: Processing...6b86b273ff34fce19d6b804eff5a3f5747ada4eaa22f1d49c01e52ddb7875b4b,7902699be42c8a8e46fbbb4501726517e86b22c56a189f7625a6da49081b2451,e7f6c011776e8db7cd330b54174fd76f7d0216b612387a5ffcfb81e6f0919683,4e07408562bedb8b60ce05c1decfe3ad16b72230967de01f640b7e4729b49fce,4b227777d4dd1fc61c6f884f48641d02b4d121d3fd328cb08b5531fcacdabf8a,ef2d127de37b942baad06145e54b0c619a1f22327b2ebbcfbec78f5564afe39d,d4735e3a265e16eee03f59718b9b5d03019c07d8b6c51f90da3a666eec13ab35
2021-07-09 04:11:00,018 INFO o.a.j.r.Summariser: summary +    203 in 00:00:30 =    6.8/s Avg:  1560 Min:   124 Max:  8325 Err:     0 (0.00%) Active: 10 Started: 10 Finished: 0
2021-07-09 04:11:00,019 INFO o.a.j.r.Summariser: summary =   1880 in 00:04:50 =    6.5/s Avg:  1503 Min:    76 Max:  9589 Err:     0 (0.00%)
2021-07-09 04:11:12,476 INFO o.a.j.t.JMeterThread: Stopping because end time detected by thread: services 1-9
2021-07-09 04:11:12,476 INFO o.a.j.t.JMeterThread: Thread finished: services 1-9
2021-07-09 04:11:13,325 INFO o.a.j.t.JMeterThread: Stopping because end time detected by thread: services 1-5
2021-07-09 04:11:13,325 INFO o.a.j.t.JMeterThread: Thread finished: services 1-5
2021-07-09 04:11:13,346 INFO o.a.j.t.JMeterThread: Stopping because end time detected by thread: services 1-10
2021-07-09 04:11:13,346 INFO o.a.j.t.JMeterThread: Thread finished: services 1-10
2021-07-09 04:11:14,602 INFO o.a.j.t.JMeterThread: Stopping because end time detected by thread: services 1-2
2021-07-09 04:11:14,602 INFO o.a.j.t.JMeterThread: Thread finished: services 1-2
2021-07-09 04:11:14,678 INFO o.a.j.t.JMeterThread: Stopping because end time detected by thread: services 1-8
2021-07-09 04:11:14,678 INFO o.a.j.t.JMeterThread: Thread finished: services 1-8
2021-07-09 04:11:15,332 INFO o.a.j.t.JMeterThread: Stopping because end time detected by thread: services 1-1
2021-07-09 04:11:15,332 INFO o.a.j.t.JMeterThread: Thread finished: services 1-1
2021-07-09 04:11:15,631 INFO o.a.j.t.JMeterThread: Stopping because end time detected by thread: services 1-6
2021-07-09 04:11:15,631 INFO o.a.j.t.JMeterThread: Thread finished: services 1-6
2021-07-09 04:11:16,265 INFO o.a.j.t.JMeterThread: Stopping because end time detected by thread: services 1-3
2021-07-09 04:11:16,266 INFO o.a.j.t.JMeterThread: Thread finished: services 1-3
2021-07-09 04:11:16,929 INFO o.a.j.t.JMeterThread: Stopping because end time detected by thread: services 1-4
2021-07-09 04:11:16,929 INFO o.a.j.t.JMeterThread: Thread finished: services 1-4
2021-07-09 04:11:16,951 INFO o.a.j.t.JMeterThread: Stopping because end time detected by thread: services 1-7
2021-07-09 04:11:16,952 INFO o.a.j.t.JMeterThread: Thread finished: services 1-7
2021-07-09 04:11:16,952 INFO o.a.j.e.StandardJMeterEngine: All thread groups have been started
2021-07-09 04:11:16,952 INFO o.a.j.e.StandardJMeterEngine: Starting tearDown thread groups
2021-07-09 04:11:16,952 INFO o.a.j.e.StandardJMeterEngine: Starting tearDown ThreadGroup: 1 : Delete token
2021-07-09 04:11:16,952 INFO o.a.j.e.StandardJMeterEngine: Starting 1 threads for group Delete token.
2021-07-09 04:11:16,952 INFO o.a.j.e.StandardJMeterEngine: Thread will continue on error
2021-07-09 04:11:16,952 INFO o.a.j.t.ThreadGroup: Starting thread group... number=1 threads=1 ramp-up=1 delayedStart=false
2021-07-09 04:11:16,959 INFO o.a.j.t.ThreadGroup: Started thread group number 1
2021-07-09 04:11:16,963 INFO o.a.j.t.JMeterThread: Thread started: Delete token 1-1
2021-07-09 04:11:17,090 INFO o.a.j.t.JMeterThread: Thread is done: Delete token 1-1
2021-07-09 04:11:17,090 INFO o.a.j.t.JMeterThread: Thread finished: Delete token 1-1
2021-07-09 04:11:17,090 INFO o.a.j.e.StandardJMeterEngine: Notifying test listeners of end of test
2021-07-09 04:11:17,091 INFO o.a.j.r.Summariser: summary +     97 in 00:00:17 =    5.7/s Avg:  1583 Min:   111 Max:  4823 Err:     0 (0.00%) Active: 0 Started: 1 Finished: 1
2021-07-09 04:11:17,091 INFO o.a.j.r.Summariser: summary =   1977 in 00:05:07 =    6.4/s Avg:  1507 Min:    76 Max:  9589 Err:     0 (0.00%)
2021-07-09 04:11:17,092 INFO o.a.j.JMeter: Generating Dashboard
2021-07-09 04:11:17,092 INFO o.a.j.r.d.ReportGenerator: Flushing result collector before report Generation
2021-07-09 04:11:17,102 INFO o.a.j.r.p.NormalizerSampleConsumer: Using format, 'ms', to parse timeStamp field
2021-07-09 04:11:17,621 INFO o.a.j.r.p.AbstractSampleConsumer: class org.apache.jmeter.report.processor.AggregateConsumer#stopProducing(): beginDate produced 0 samples
2021-07-09 04:11:17,621 INFO o.a.j.r.p.AbstractSampleConsumer: class org.apache.jmeter.report.processor.AggregateConsumer#stopProducing(): endDate produced 0 samples
2021-07-09 04:11:17,624 INFO o.a.j.r.p.AbstractSampleConsumer: class org.apache.jmeter.report.processor.ApdexSummaryConsumer#stopProducing(): apdexSummary produced 0 samples
2021-07-09 04:11:17,624 INFO o.a.j.r.p.AbstractSampleConsumer: class org.apache.jmeter.report.processor.RequestsSummaryConsumer#stopProducing(): requestsSummary produced 0 samples
2021-07-09 04:11:17,644 INFO o.a.j.r.p.AbstractSampleConsumer: class org.apache.jmeter.report.processor.StatisticsSummaryConsumer#stopProducing(): statisticsSummary produced 0 samples
2021-07-09 04:11:17,652 INFO o.a.j.r.p.AbstractSampleConsumer: class org.apache.jmeter.report.processor.Top5ErrorsBySamplerConsumer#stopProducing(): top5ErrorsBySampler produced 0 samples
2021-07-09 04:11:17,652 INFO o.a.j.r.p.AbstractSampleConsumer: class org.apache.jmeter.report.processor.ErrorsSummaryConsumer#stopProducing(): errorsSummary produced 0 samples
2021-07-09 04:11:17,652 INFO o.a.j.r.p.AbstractSampleConsumer: class org.apache.jmeter.report.processor.graph.impl.HitsPerSecondGraphConsumer#stopProducing(): hitsPerSecond produced 0 samples
2021-07-09 04:11:17,763 INFO o.a.j.r.p.AbstractSampleConsumer: class org.apache.jmeter.report.processor.graph.impl.LatencyVSRequestGraphConsumer#stopProducing(): latencyVsRequest produced 0 samples
2021-07-09 04:11:17,766 INFO o.a.j.r.p.AbstractSampleConsumer: class org.apache.jmeter.report.processor.graph.impl.SyntheticResponseTimeDistributionGraphConsumer#stopProducing(): syntheticResponseTimeDistribution produced 0 samples
2021-07-09 04:11:17,767 INFO o.a.j.r.p.AbstractSampleConsumer: class org.apache.jmeter.report.processor.graph.impl.BytesThroughputGraphConsumer#stopProducing(): bytesThroughputOverTime produced 0 samples
2021-07-09 04:11:17,768 INFO o.a.j.r.p.AbstractSampleConsumer: class org.apache.jmeter.report.processor.graph.impl.CodesPerSecondGraphConsumer#stopProducing(): codesPerSecond produced 0 samples
2021-07-09 04:11:17,850 INFO o.a.j.r.p.AbstractSampleConsumer: class org.apache.jmeter.report.processor.graph.impl.ResponseTimeVSRequestGraphConsumer#stopProducing(): responseTimeVsRequest produced 0 samples
2021-07-09 04:11:17,857 INFO o.a.j.r.p.AbstractSampleConsumer: class org.apache.jmeter.report.processor.FilterConsumer#stopProducing(): startIntervalControlerFilter produced 13839 samples
2021-07-09 04:11:17,857 INFO o.a.j.r.p.AbstractSampleConsumer: class org.apache.jmeter.report.processor.graph.impl.TotalTPSGraphConsumer#stopProducing(): totalTPS produced 0 samples
2021-07-09 04:11:17,859 INFO o.a.j.r.p.AbstractSampleConsumer: class org.apache.jmeter.report.processor.graph.impl.ActiveThreadsGraphConsumer#stopProducing(): activeThreadsOverTime produced 0 samples
2021-07-09 04:11:17,859 INFO o.a.j.r.p.AbstractSampleConsumer: class org.apache.jmeter.report.processor.graph.impl.TimeVSThreadGraphConsumer#stopProducing(): timeVsThreads produced 0 samples
2021-07-09 04:11:17,869 INFO o.a.j.r.p.AbstractSampleConsumer: class org.apache.jmeter.report.processor.graph.impl.ResponseTimeDistributionGraphConsumer#stopProducing(): responseTimeDistribution produced 0 samples
2021-07-09 04:11:17,871 INFO o.a.j.r.p.AbstractSampleConsumer: class org.apache.jmeter.report.processor.graph.impl.TransactionsPerSecondGraphConsumer#stopProducing(): transactionsPerSecond produced 0 samples
2021-07-09 04:11:17,871 INFO o.a.j.r.p.AbstractSampleConsumer: class org.apache.jmeter.report.processor.graph.impl.ResponseTimePercentilesGraphConsumer#stopProducing(): responseTimePercentiles produced 0 samples
2021-07-09 04:11:17,912 INFO o.a.j.r.p.AbstractSampleConsumer: class org.apache.jmeter.report.processor.graph.impl.ResponseTimePercentilesOverTimeGraphConsumer#stopProducing(): responseTimePercentilesOverTime produced 0 samples
2021-07-09 04:11:17,913 INFO o.a.j.r.p.AbstractSampleConsumer: class org.apache.jmeter.report.processor.graph.impl.ResponseTimeOverTimeGraphConsumer#stopProducing(): responseTimesOverTime produced 0 samples
2021-07-09 04:11:17,914 INFO o.a.j.r.p.AbstractSampleConsumer: class org.apache.jmeter.report.processor.graph.impl.ConnectTimeOverTimeGraphConsumer#stopProducing(): connectTimeOverTime produced 0 samples
2021-07-09 04:11:17,915 INFO o.a.j.r.p.AbstractSampleConsumer: class org.apache.jmeter.report.processor.graph.impl.LatencyOverTimeGraphConsumer#stopProducing(): latenciesOverTime produced 0 samples
2021-07-09 04:11:17,915 INFO o.a.j.r.p.AbstractSampleConsumer: class org.apache.jmeter.report.processor.FilterConsumer#stopProducing(): nameFilter produced 29655 samples
2021-07-09 04:11:17,915 INFO o.a.j.r.p.AbstractSampleConsumer: class org.apache.jmeter.report.processor.FilterConsumer#stopProducing(): dateRangeFilter produced 5931 samples
2021-07-09 04:11:17,915 INFO o.a.j.r.p.AbstractSampleConsumer: class org.apache.jmeter.report.processor.NormalizerSampleConsumer#stopProducing(): normalizer produced 1977 samples
2021-07-09 04:11:17,916 INFO o.a.j.r.p.CsvFileSampleSource: produce(): 1977 samples produced in 771ms on channel 0
2021-07-09 04:11:17,916 INFO o.a.j.r.d.ReportGenerator: Exporting data using exporter:'json' of className:'org.apache.jmeter.report.dashboard.JsonExporter'
2021-07-09 04:11:17,922 INFO o.a.j.r.d.JsonExporter: Found data for consumer statisticsSummaryin context
2021-07-09 04:11:17,923 INFO o.a.j.r.d.JsonExporter: Creating statistics for overall
2021-07-09 04:11:17,923 INFO o.a.j.r.d.JsonExporter: Creating statistics for other transactions
2021-07-09 04:11:17,924 INFO o.a.j.r.d.JsonExporter: Checking output folder
2021-07-09 04:11:17,924 INFO o.a.j.r.d.JsonExporter: Writing statistics JSON to /home/ssm-user/pb-rb-loadtest/bavv-mb-performance/report-10/statistics.json
2021-07-09 04:11:18,208 INFO o.a.j.r.d.ReportGenerator: Exporting data using exporter:'html' of className:'org.apache.jmeter.report.dashboard.HtmlTemplateExporter'
2021-07-09 04:11:18,211 INFO o.a.j.r.d.HtmlTemplateExporter: Will generate dashboard in folder: /home/ssm-user/pb-rb-loadtest/bavv-mb-performance/report-10
2021-07-09 04:11:18,399 ERROR f.configuration: DefaultObjectWrapper.incompatibleImprovements was set to the object returned by Configuration.getVersion(). That defeats the purpose of incompatibleImprovements, and makes upgrading FreeMarker a potentially breaking change. Also, this probably won't be allowed starting from 2.4.0. Instead, set incompatibleImprovements to the highest concrete version that's known to be compatible with your application.
2021-07-09 04:11:18,402 ERROR f.configuration: Configuration.incompatibleImprovements was set to the object returned by Configuration.getVersion(). That defeats the purpose of incompatibleImprovements, and makes upgrading FreeMarker a potentially breaking change. Also, this probably won't be allowed starting from 2.4.0. Instead, set incompatibleImprovements to the highest concrete version that's known to be compatible with your application.
2021-07-09 04:11:18,414 INFO o.a.j.r.d.HtmlTemplateExporter: Report will be generated in: /home/ssm-user/pb-rb-loadtest/bavv-mb-performance/report-10, creating folder structure
2021-07-09 04:11:18,417 INFO o.a.j.r.d.TemplateVisitor: Copying folder from '/home/ssm-user/pb-rb-loadtest/apache-jmeter-5.3/bin/report-template' to '/home/ssm-user/pb-rb-loadtest/bavv-mb-performance/report-10', got message: /home/ssm-user/pb-rb-loadtest/bavv-mb-performance/report-10, found non empty folder with following content [/home/ssm-user/pb-rb-loadtest/bavv-mb-performance/report-10/statistics.json], will be ignored
2021-07-09 04:11:18,692 INFO o.a.j.JMeter: Dashboard generated
